app/build/intermediates/manifest_merge_blame_file/release/manifest-merger-blame-release-report.txt
1<?xml version="1.0" encoding="utf-8"?>
2<manifest xmlns:android="http://schemas.android.com/apk/res/android"
3    package="com.broood.happyplaces"
4    android:versionCode="1"
5    android:versionName="1.0" >
6
7    <uses-sdk
8        android:minSdkVersion="21"
8-->src\main\AndroidManifest.xml
9        android:targetSdkVersion="32" />
9-->src\main\AndroidManifest.xml
10
11    <uses-permission android:name="android.permission.WRITE_EXTERNAL_STORAGE" />
11-->src\main\AndroidManifest.xml:5:5-81
11-->src\main\AndroidManifest.xml:5:22-78
12    <uses-permission android:name="android.permission.READ_EXTERNAL_STORAGE" />
12-->src\main\AndroidManifest.xml:6:5-80
12-->src\main\AndroidManifest.xml:6:22-77
13    <uses-permission android:name="android.permission.CAMERA" />
13-->src\main\AndroidManifest.xml:7:5-65
13-->src\main\AndroidManifest.xml:7:22-62
14    <uses-permission android:name="android.permission.ACCESS_FINE_LOCATION" />
14-->src\main\AndroidManifest.xml:8:5-79
14-->src\main\AndroidManifest.xml:8:22-76
15    <uses-permission android:name="android.permission.ACCESS_COARSE_LOCATION" />
15-->src\main\AndroidManifest.xml:9:5-81
15-->src\main\AndroidManifest.xml:9:22-78
16    <uses-permission android:name="android.permission.ACCESS_WIFI_STATE" />
16-->[com.google.android.libraries.places:places:2.6.0] AndroidManifest.xml:10:5-76
16-->[com.google.android.libraries.places:places:2.6.0] AndroidManifest.xml:10:22-73
17    <uses-permission android:name="android.permission.INTERNET" /> <!-- Include required permissions for Google Maps API to run. -->
17-->[com.google.android.libraries.places:places:2.6.0] AndroidManifest.xml:11:5-67
17-->[com.google.android.libraries.places:places:2.6.0] AndroidManifest.xml:11:22-64
18    <uses-permission android:name="android.permission.ACCESS_NETWORK_STATE" />
18-->[com.google.android.gms:play-services-maps:18.0.2] AndroidManifest.xml:23:5-79
18-->[com.google.android.gms:play-services-maps:18.0.2] AndroidManifest.xml:23:22-76
19
20    <uses-feature
20-->[com.google.android.gms:play-services-maps:18.0.2] AndroidManifest.xml:26:5-28:35
21        android:glEsVersion="0x00020000"
21-->[com.google.android.gms:play-services-maps:18.0.2] AndroidManifest.xml:27:9-41
22        android:required="true" />
22-->[com.google.android.gms:play-services-maps:18.0.2] AndroidManifest.xml:28:9-32
23
24    <queries>
24-->[com.google.android.gms:play-services-maps:18.0.2] AndroidManifest.xml:30:5-34:15
25
26        <!-- Needs to be explicitly declared on Android R+ -->
27        <package android:name="com.google.android.apps.maps" />
27-->[com.google.android.gms:play-services-maps:18.0.2] AndroidManifest.xml:33:9-64
27-->[com.google.android.gms:play-services-maps:18.0.2] AndroidManifest.xml:33:18-61
28    </queries>
29
30    <application
30-->src\main\AndroidManifest.xml:11:5-60:19
31        android:allowBackup="false"
31-->src\main\AndroidManifest.xml:12:9-36
32        android:appComponentFactory="androidx.core.app.CoreComponentFactory"
32-->[androidx.core:core:1.8.0] AndroidManifest.xml:24:18-86
33        android:icon="@mipmap/ic_launcher"
33-->src\main\AndroidManifest.xml:13:9-43
34        android:label="@string/app_name"
34-->src\main\AndroidManifest.xml:14:9-41
35        android:roundIcon="@mipmap/ic_launcher_round"
35-->src\main\AndroidManifest.xml:15:9-54
36        android:supportsRtl="true"
36-->src\main\AndroidManifest.xml:16:9-35
37        android:theme="@style/Theme.HappyPlaces" >
37-->src\main\AndroidManifest.xml:17:9-49
38
39        <!--
40             TODO: Before you run your application, you need a Google Maps API key.
41
42             To get one, follow the directions here:
43
44                https://developers.google.com/maps/documentation/android-sdk/get-api-key
45
46             Once you have your API key (it starts with "AIza"), define a new property in your
47             project's local.properties file (e.g. MAPS_API_KEY=Aiza...), and replace the
48             "YOUR_API_KEY" string in this file with "${MAPS_API_KEY}".
49        -->
50        <meta-data
50-->src\main\AndroidManifest.xml:30:9-32:47
51            android:name="com.google.android.geo.API_KEY"
51-->src\main\AndroidManifest.xml:31:13-58
52            android:value="@string/gmapAPI" />
52-->src\main\AndroidManifest.xml:32:13-44
53
54        <activity
54-->src\main\AndroidManifest.xml:34:9-38:61
55            android:name="com.broood.happyplaces.activities.HappyPlaceDetails"
55-->src\main\AndroidManifest.xml:35:13-57
56            android:exported="false"
56-->src\main\AndroidManifest.xml:36:13-37
57            android:screenOrientation="portrait"
57-->src\main\AndroidManifest.xml:37:13-49
58            android:theme="@style/CustomNoActionBarTheme" />
58-->src\main\AndroidManifest.xml:38:13-58
59        <activity
59-->src\main\AndroidManifest.xml:39:9-44:61
60            android:name="com.broood.happyplaces.activities.AddHappyPlaces"
60-->src\main\AndroidManifest.xml:40:13-54
61            android:exported="false"
61-->src\main\AndroidManifest.xml:41:13-37
62            android:label="ADD HAPPY PLACE"
62-->src\main\AndroidManifest.xml:42:13-44
63            android:screenOrientation="portrait"
63-->src\main\AndroidManifest.xml:43:13-49
64            android:theme="@style/CustomNoActionBarTheme" />
64-->src\main\AndroidManifest.xml:44:13-58
65        <activity
65-->src\main\AndroidManifest.xml:45:9-50:61
66            android:name="com.broood.happyplaces.activities.MapActivity"
66-->src\main\AndroidManifest.xml:46:13-51
67            android:exported="false"
67-->src\main\AndroidManifest.xml:47:13-37
68            android:label="ADD HAPPY PLACE"
68-->src\main\AndroidManifest.xml:48:13-44
69            android:screenOrientation="portrait"
69-->src\main\AndroidManifest.xml:49:13-49
70            android:theme="@style/CustomNoActionBarTheme" />
70-->src\main\AndroidManifest.xml:50:13-58
71        <activity
71-->src\main\AndroidManifest.xml:51:9-59:20
72            android:name="com.broood.happyplaces.activities.MainActivity"
72-->src\main\AndroidManifest.xml:52:13-52
73            android:exported="true" >
73-->src\main\AndroidManifest.xml:53:13-36
74            <intent-filter>
74-->src\main\AndroidManifest.xml:54:13-58:29
75                <action android:name="android.intent.action.MAIN" />
75-->src\main\AndroidManifest.xml:55:17-69
75-->src\main\AndroidManifest.xml:55:25-66
76
77                <category android:name="android.intent.category.LAUNCHER" />
77-->src\main\AndroidManifest.xml:57:17-77
77-->src\main\AndroidManifest.xml:57:27-74
78            </intent-filter>
79        </activity>
80        <activity
80-->[com.karumi:dexter:6.2.3] AndroidManifest.xml:27:9-29:72
81            android:name="com.karumi.dexter.DexterActivity"
81-->[com.karumi:dexter:6.2.3] AndroidManifest.xml:28:13-60
82            android:theme="@style/Dexter.Internal.Theme.Transparent" />
82-->[com.karumi:dexter:6.2.3] AndroidManifest.xml:29:13-69
83        <activity
83-->[com.google.android.libraries.places:places:2.6.0] AndroidManifest.xml:14:9-20:20
84            android:name="com.google.android.libraries.places.widget.AutocompleteActivity"
84-->[com.google.android.libraries.places:places:2.6.0] AndroidManifest.xml:15:13-91
85            android:exported="false"
85-->[com.google.android.libraries.places:places:2.6.0] AndroidManifest.xml:16:13-37
86            android:label="@string/places_autocomplete_label"
86-->[com.google.android.libraries.places:places:2.6.0] AndroidManifest.xml:17:13-62
87            android:theme="@style/PlacesAutocompleteOverlay"
87-->[com.google.android.libraries.places:places:2.6.0] AndroidManifest.xml:18:13-61
88            android:windowSoftInputMode="adjustResize" >
88-->[com.google.android.libraries.places:places:2.6.0] AndroidManifest.xml:19:13-55
89        </activity> <!-- Needs to be explicitly declared on P+ -->
90        <uses-library
90-->[com.google.android.gms:play-services-maps:18.0.2] AndroidManifest.xml:39:9-41:40
91            android:name="org.apache.http.legacy"
91-->[com.google.android.gms:play-services-maps:18.0.2] AndroidManifest.xml:40:13-50
92            android:required="false" />
92-->[com.google.android.gms:play-services-maps:18.0.2] AndroidManifest.xml:41:13-37
93
94        <activity
94-->[com.google.android.gms:play-services-base:18.0.1] AndroidManifest.xml:20:9-22:45
95            android:name="com.google.android.gms.common.api.GoogleApiActivity"
95-->[com.google.android.gms:play-services-base:18.0.1] AndroidManifest.xml:20:19-85
96            android:exported="false"
96-->[com.google.android.gms:play-services-base:18.0.1] AndroidManifest.xml:22:19-43
97            android:theme="@android:style/Theme.Translucent.NoTitleBar" />
97-->[com.google.android.gms:play-services-base:18.0.1] AndroidManifest.xml:21:19-78
98
99        <meta-data
99-->[com.google.android.gms:play-services-basement:18.0.0] AndroidManifest.xml:21:9-23:69
100            android:name="com.google.android.gms.version"
100-->[com.google.android.gms:play-services-basement:18.0.0] AndroidManifest.xml:22:13-58
101            android:value="@integer/google_play_services_version" />
101-->[com.google.android.gms:play-services-basement:18.0.0] AndroidManifest.xml:23:13-66
102
103        <provider
103-->[androidx.emoji2:emoji2:1.0.0] AndroidManifest.xml:26:9-34:20
104            android:name="androidx.startup.InitializationProvider"
104-->[androidx.emoji2:emoji2:1.0.0] AndroidManifest.xml:27:13-67
105            android:authorities="com.broood.happyplaces.androidx-startup"
105-->[androidx.emoji2:emoji2:1.0.0] AndroidManifest.xml:28:13-68
106            android:exported="false" >
106-->[androidx.emoji2:emoji2:1.0.0] AndroidManifest.xml:29:13-37
107            <meta-data
107-->[androidx.emoji2:emoji2:1.0.0] AndroidManifest.xml:31:13-33:52
108                android:name="androidx.emoji2.text.EmojiCompatInitializer"
108-->[androidx.emoji2:emoji2:1.0.0] AndroidManifest.xml:32:17-75
109                android:value="androidx.startup" />
109-->[androidx.emoji2:emoji2:1.0.0] AndroidManifest.xml:33:17-49
110            <meta-data
110-->[androidx.lifecycle:lifecycle-process:2.4.0] AndroidManifest.xml:31:13-33:52
111                android:name="androidx.lifecycle.ProcessLifecycleInitializer"
111-->[androidx.lifecycle:lifecycle-process:2.4.0] AndroidManifest.xml:32:17-78
112                android:value="androidx.startup" />
112-->[androidx.lifecycle:lifecycle-process:2.4.0] AndroidManifest.xml:33:17-49
113        </provider>
114
115        <service
115-->[com.google.android.datatransport:transport-backend-cct:2.3.0] AndroidManifest.xml:29:9-35:19
116            android:name="com.google.android.datatransport.runtime.backends.TransportBackendDiscovery"
116-->[com.google.android.datatransport:transport-backend-cct:2.3.0] AndroidManifest.xml:30:13-103
117            android:exported="false" >
117-->[com.google.android.datatransport:transport-backend-cct:2.3.0] AndroidManifest.xml:31:13-37
118            <meta-data
118-->[com.google.android.datatransport:transport-backend-cct:2.3.0] AndroidManifest.xml:32:13-34:39
119                android:name="backend:com.google.android.datatransport.cct.CctBackendFactory"
119-->[com.google.android.datatransport:transport-backend-cct:2.3.0] AndroidManifest.xml:33:17-94
120                android:value="cct" />
120-->[com.google.android.datatransport:transport-backend-cct:2.3.0] AndroidManifest.xml:34:17-36
121        </service>
122        <service
122-->[com.google.android.datatransport:transport-runtime:2.2.3] AndroidManifest.xml:26:9-30:19
123            android:name="com.google.android.datatransport.runtime.scheduling.jobscheduling.JobInfoSchedulerService"
123-->[com.google.android.datatransport:transport-runtime:2.2.3] AndroidManifest.xml:27:13-117
124            android:exported="false"
124-->[com.google.android.datatransport:transport-runtime:2.2.3] AndroidManifest.xml:28:13-37
125            android:permission="android.permission.BIND_JOB_SERVICE" >
125-->[com.google.android.datatransport:transport-runtime:2.2.3] AndroidManifest.xml:29:13-69
126        </service>
127
128        <receiver
128-->[com.google.android.datatransport:transport-runtime:2.2.3] AndroidManifest.xml:32:9-34:40
129            android:name="com.google.android.datatransport.runtime.scheduling.jobscheduling.AlarmManagerSchedulerBroadcastReceiver"
129-->[com.google.android.datatransport:transport-runtime:2.2.3] AndroidManifest.xml:33:13-132
130            android:exported="false" />
130-->[com.google.android.datatransport:transport-runtime:2.2.3] AndroidManifest.xml:34:13-37
131    </application>
132
133</manifest>